Warning: You are sending unauthenticated requests to the HF Hub. Please set a HF_TOKEN to enable higher rate limits and faster downloads.
WARNING:huggingface_hub.utils._http:Warning: You are sending unauthenticated requests to the HF Hub. Please set a HF_TOKEN to enable higher rate limits and faster downloads.

[dataset_enriched | vlm_lora] 157 casos (0 predicciones vacias)
  Calculando BERTScore (bert-base-multilingual-cased)...
Loading weights:   0%|          | 0/199 [00:00<?, ?it/s]Loading weights: 100%|██████████| 199/199 [00:00<00:00, 3423.21it/s]
[transformers] [1mBertModel LOAD REPORT[0m from: bert-base-multilingual-cased
Key                                        | Status     |  | 
-------------------------------------------+------------+--+-
cls.seq_relationship.weight                | UNEXPECTED |  | 
cls.predictions.transform.dense.weight     | UNEXPECTED |  | 
cls.seq_relationship.bias                  | UNEXPECTED |  | 
cls.predictions.bias                       | UNEXPECTED |  | 
cls.predictions.transform.dense.bias       | UNEXPECTED |  | 
cls.predictions.transform.LayerNorm.bias   | UNEXPECTED |  | 
cls.predictions.transform.LayerNorm.weight | UNEXPECTED |  | 

Notes:
- UNEXPECTED:	can be ignored when loading from different task/architecture; not ok if you expect identical arch.
  Por caso -> /home/sdomato/projects/dermavqa-paper/outputs/metrics/dataset_enriched/per_case_vlm_lora_valid.csv

[dataset_enriched | vlm_lora] 314 casos (0 predicciones vacias)
  Calculando BERTScore (bert-base-multilingual-cased)...
Loading weights:   0%|          | 0/199 [00:00<?, ?it/s]Loading weights: 100%|██████████| 199/199 [00:00<00:00, 3321.26it/s]
[transformers] [1mBertModel LOAD REPORT[0m from: bert-base-multilingual-cased
Key                                        | Status     |  | 
-------------------------------------------+------------+--+-
cls.seq_relationship.weight                | UNEXPECTED |  | 
cls.predictions.transform.dense.weight     | UNEXPECTED |  | 
cls.seq_relationship.bias                  | UNEXPECTED |  | 
cls.predictions.bias                       | UNEXPECTED |  | 
cls.predictions.transform.dense.bias       | UNEXPECTED |  | 
cls.predictions.transform.LayerNorm.bias   | UNEXPECTED |  | 
cls.predictions.transform.LayerNorm.weight | UNEXPECTED |  | 

Notes:
- UNEXPECTED:	can be ignored when loading from different task/architecture; not ok if you expect identical arch.
  Por caso -> /home/sdomato/projects/dermavqa-paper/outputs/metrics/dataset_enriched/per_case_vlm_lora_test.csv

Resumen (splits mixtos) -> /home/sdomato/projects/dermavqa-paper/outputs/metrics/dataset_enriched/metrics_mixed.csv

======================================================================
/home/sdomato/projects/dermavqa-paper/outputs/metrics/dataset_enriched
======================================================================
 dataset_variant   method    model_name split   n  empty_predictions  chrf_mean  rouge_l_mean  token_f1_mean  sacrebleu_corpus  chrf_corpus  bertscore_f1_mean
dataset_enriched vlm_lora final_adapter valid 157                  0     0.3612        0.2429         0.3052           10.9045      35.7047             0.7370
dataset_enriched vlm_lora final_adapter  test 314                  0     0.3647        0.2541         0.3167           11.5985      35.6905             0.7383
