Warning: You are sending unauthenticated requests to the HF Hub. Please set a HF_TOKEN to enable higher rate limits and faster downloads.
WARNING:huggingface_hub.utils._http:Warning: You are sending unauthenticated requests to the HF Hub. Please set a HF_TOKEN to enable higher rate limits and faster downloads.

[dataset_longest_answer | vlm_lora_by_image] 157 casos (0 predicciones vacias)
  Calculando BERTScore (bert-base-multilingual-cased)...
Loading weights:   0%|          | 0/199 [00:00<?, ?it/s]Loading weights: 100%|██████████| 199/199 [00:00<00:00, 3636.88it/s]
[transformers] [1mBertModel LOAD REPORT[0m from: bert-base-multilingual-cased
Key                                        | Status     |  | 
-------------------------------------------+------------+--+-
cls.predictions.bias                       | UNEXPECTED |  | 
cls.seq_relationship.weight                | UNEXPECTED |  | 
cls.predictions.transform.LayerNorm.bias   | UNEXPECTED |  | 
cls.predictions.transform.LayerNorm.weight | UNEXPECTED |  | 
cls.predictions.transform.dense.weight     | UNEXPECTED |  | 
cls.predictions.transform.dense.bias       | UNEXPECTED |  | 
cls.seq_relationship.bias                  | UNEXPECTED |  | 

Notes:
- UNEXPECTED:	can be ignored when loading from different task/architecture; not ok if you expect identical arch.
  Por caso -> /home/andyd/projects/dermavqa-paper/outputs/metrics/dataset_longest_answer/per_case_vlm_lora_by_image_valid.csv

[dataset_longest_answer | vlm_lora_by_image] 314 casos (0 predicciones vacias)
  Calculando BERTScore (bert-base-multilingual-cased)...
Loading weights:   0%|          | 0/199 [00:00<?, ?it/s]Loading weights: 100%|██████████| 199/199 [00:00<00:00, 3326.48it/s]
[transformers] [1mBertModel LOAD REPORT[0m from: bert-base-multilingual-cased
Key                                        | Status     |  | 
-------------------------------------------+------------+--+-
cls.predictions.bias                       | UNEXPECTED |  | 
cls.seq_relationship.weight                | UNEXPECTED |  | 
cls.predictions.transform.LayerNorm.bias   | UNEXPECTED |  | 
cls.predictions.transform.LayerNorm.weight | UNEXPECTED |  | 
cls.predictions.transform.dense.weight     | UNEXPECTED |  | 
cls.predictions.transform.dense.bias       | UNEXPECTED |  | 
cls.seq_relationship.bias                  | UNEXPECTED |  | 

Notes:
- UNEXPECTED:	can be ignored when loading from different task/architecture; not ok if you expect identical arch.
  Por caso -> /home/andyd/projects/dermavqa-paper/outputs/metrics/dataset_longest_answer/per_case_vlm_lora_by_image_test.csv

Resumen (splits mixtos) -> /home/andyd/projects/dermavqa-paper/outputs/metrics/dataset_longest_answer/metrics_mixed.csv

======================================================================
/home/andyd/projects/dermavqa-paper/outputs/metrics/dataset_longest_answer
======================================================================
       dataset_variant            method    model_name split   n  empty_predictions  chrf_mean  rouge_l_mean  token_f1_mean  sacrebleu_corpus  chrf_corpus  bertscore_f1_mean
dataset_longest_answer vlm_lora_by_image final_adapter valid 157                  0     0.1411        0.0807         0.0967            0.2112      11.1687             0.6263
dataset_longest_answer vlm_lora_by_image final_adapter  test 314                  0     0.1678        0.0811         0.0922            0.2992      14.4740             0.6193
